<?xml version="1.0" encoding="utf-8"?><testsuite errors="0" failures="0" name="pytest" skips="0" tests="7" time="1.191"><testcase classname="test_submit" file="test_submit.py" line="12" name="test_part_1" time="0.002058267593383789"></testcase><testcase classname="test_submit" file="test_submit.py" line="16" name="test_part_2" time="0.0029671192169189453"></testcase><testcase classname="test_submit" file="test_submit.py" line="20" name="test_part_3" time="0.0011022090911865234"></testcase><testcase classname="test_submit" file="test_submit.py" line="45" name="test_part_4" time="0.005040168762207031"></testcase><testcase classname="test_submit" file="test_submit.py" line="60" name="test_part_5" time="0.009546041488647461"></testcase><testcase classname="test_submit" file="test_submit.py" line="75" name="test_part_6" time="0.00470423698425293"></testcase><testcase classname="test_submit" file="test_submit.py" line="111" name="test_part_7" time="0.010448217391967773"></testcase></testsuite>